Analysis & Synthesis report for main
Fri Apr 26 10:16:43 2024
Quartus Prime Version 20.1.1 Build 720 11/11/2020 SJ Lite Edition


---------------------
; Table of Contents ;
---------------------
  1. Legal Notice
  2. Analysis & Synthesis Summary
  3. Analysis & Synthesis Settings
  4. Parallel Compilation
  5. Analysis & Synthesis Source Files Read
  6. Analysis & Synthesis Resource Usage Summary
  7. Analysis & Synthesis Resource Utilization by Entity
  8. General Register Statistics
  9. Analysis & Synthesis Messages



----------------
; Legal Notice ;
----------------
Copyright (C) 2020  Intel Corporation. All rights reserved.
Your use of Intel Corporation's design tools, logic functions 
and other software and tools, and any partner logic 
functions, and any output files from any of the foregoing 
(including device programming or simulation files), and any 
associated documentation or information are expressly subject 
to the terms and conditions of the Intel Program License 
Subscription Agreement, the Intel Quartus Prime License Agreement,
the Intel FPGA IP License Agreement, or other applicable license
agreement, including, without limitation, that your use is for
the sole purpose of programming logic devices manufactured by
Intel and sold by Intel or its authorized distributors.  Please
refer to the applicable agreement for further details, at
https://fpgasoftware.intel.com/eula.



+---------------------------------------------------------------------------+
; Analysis & Synthesis Summary                                              ;
+-----------------------------+---------------------------------------------+
; Analysis & Synthesis Status ; Successful - Fri Apr 26 10:16:43 2024       ;
; Quartus Prime Version       ; 20.1.1 Build 720 11/11/2020 SJ Lite Edition ;
; Revision Name               ; main                                        ;
; Top-level Entity Name       ; main                                        ;
; Family                      ; MAX II                                      ;
; Total logic elements        ; 11                                          ;
; Total pins                  ; 22                                          ;
; Total virtual pins          ; 0                                           ;
; UFM blocks                  ; 0 / 1 ( 0 % )                               ;
+-----------------------------+---------------------------------------------+


+------------------------------------------------------------------------------------------------------------+
; Analysis & Synthesis Settings                                                                              ;
+------------------------------------------------------------------+--------------------+--------------------+
; Option                                                           ; Setting            ; Default Value      ;
+------------------------------------------------------------------+--------------------+--------------------+
; Device                                                           ; EPM240T100C5       ;                    ;
; Top-level entity name                                            ; main               ; main               ;
; Family name                                                      ; MAX II             ; Cyclone V          ;
; Use smart compilation                                            ; Off                ; Off                ;
; Enable parallel Assembler and Timing Analyzer during compilation ; On                 ; On                 ;
; Enable compact report table                                      ; Off                ; Off                ;
; Restructure Multiplexers                                         ; Auto               ; Auto               ;
; Create Debugging Nodes for IP Cores                              ; Off                ; Off                ;
; Preserve fewer node names                                        ; On                 ; On                 ;
; Intel FPGA IP Evaluation Mode                                    ; Enable             ; Enable             ;
; Verilog Version                                                  ; Verilog_2001       ; Verilog_2001       ;
; VHDL Version                                                     ; VHDL_1993          ; VHDL_1993          ;
; State Machine Processing                                         ; Auto               ; Auto               ;
; Safe State Machine                                               ; Off                ; Off                ;
; Extract Verilog State Machines                                   ; On                 ; On                 ;
; Extract VHDL State Machines                                      ; On                 ; On                 ;
; Ignore Verilog initial constructs                                ; Off                ; Off                ;
; Iteration limit for constant Verilog loops                       ; 5000               ; 5000               ;
; Iteration limit for non-constant Verilog loops                   ; 250                ; 250                ;
; Add Pass-Through Logic to Inferred RAMs                          ; On                 ; On                 ;
; Infer RAMs from Raw Logic                                        ; On                 ; On                 ;
; Parallel Synthesis                                               ; On                 ; On                 ;
; NOT Gate Push-Back                                               ; On                 ; On                 ;
; Power-Up Don't Care                                              ; On                 ; On                 ;
; Remove Redundant Logic Cells                                     ; Off                ; Off                ;
; Remove Duplicate Registers                                       ; On                 ; On                 ;
; Ignore CARRY Buffers                                             ; Off                ; Off                ;
; Ignore CASCADE Buffers                                           ; Off                ; Off                ;
; Ignore GLOBAL Buffers                                            ; Off                ; Off                ;
; Ignore ROW GLOBAL Buffers                                        ; Off                ; Off                ;
; Ignore LCELL Buffers                                             ; Off                ; Off                ;
; Ignore SOFT Buffers                                              ; On                 ; On                 ;
; Limit AHDL Integers to 32 Bits                                   ; Off                ; Off                ;
; Optimization Technique                                           ; Balanced           ; Balanced           ;
; Carry Chain Length                                               ; 70                 ; 70                 ;
; Auto Carry Chains                                                ; On                 ; On                 ;
; Auto Open-Drain Pins                                             ; On                 ; On                 ;
; Perform WYSIWYG Primitive Resynthesis                            ; Off                ; Off                ;
; Auto Shift Register Replacement                                  ; Auto               ; Auto               ;
; Allow Shift Register Merging across Hierarchies                  ; Auto               ; Auto               ;
; Auto Clock Enable Replacement                                    ; On                 ; On                 ;
; Allow Synchronous Control Signals                                ; On                 ; On                 ;
; Force Use of Synchronous Clear Signals                           ; Off                ; Off                ;
; Auto Resource Sharing                                            ; Off                ; Off                ;
; Use LogicLock Constraints during Resource Balancing              ; On                 ; On                 ;
; Ignore translate_off and synthesis_off directives                ; Off                ; Off                ;
; Report Parameter Settings                                        ; On                 ; On                 ;
; Report Source Assignments                                        ; On                 ; On                 ;
; Report Connectivity Checks                                       ; On                 ; On                 ;
; Ignore Maximum Fan-Out Assignments                               ; Off                ; Off                ;
; Synchronization Register Chain Length                            ; 2                  ; 2                  ;
; Power Optimization During Synthesis                              ; Normal compilation ; Normal compilation ;
; HDL message level                                                ; Level2             ; Level2             ;
; Suppress Register Optimization Related Messages                  ; Off                ; Off                ;
; Number of Removed Registers Reported in Synthesis Report         ; 5000               ; 5000               ;
; Number of Swept Nodes Reported in Synthesis Report               ; 5000               ; 5000               ;
; Number of Inverted Registers Reported in Synthesis Report        ; 100                ; 100                ;
; Clock MUX Protection                                             ; On                 ; On                 ;
; Block Design Naming                                              ; Auto               ; Auto               ;
; Synthesis Effort                                                 ; Auto               ; Auto               ;
; Shift Register Replacement - Allow Asynchronous Clear Signal     ; On                 ; On                 ;
; Analysis & Synthesis Message Level                               ; Medium             ; Medium             ;
; Disable Register Merging Across Hierarchies                      ; Auto               ; Auto               ;
+------------------------------------------------------------------+--------------------+--------------------+


+------------------------------------------+
; Parallel Compilation                     ;
+----------------------------+-------------+
; Processors                 ; Number      ;
+----------------------------+-------------+
; Number detected on machine ; 6           ;
; Maximum allowed            ; 6           ;
;                            ;             ;
; Average used               ; 1.00        ;
; Maximum used               ; 1           ;
;                            ;             ;
; Usage by Processor         ; % Time Used ;
;     Processor 1            ; 100.0%      ;
+----------------------------+-------------+


+-------------------------------------------------------------------------------------------------------------------------------------------------------------+
; Analysis & Synthesis Source Files Read                                                                                                                      ;
+----------------------------------+-----------------+------------------------+---------------------------------------------------------------------+---------+
; File Name with User-Entered Path ; Used in Netlist ; File Type              ; File Name with Absolute Path                                        ; Library ;
+----------------------------------+-----------------+------------------------+---------------------------------------------------------------------+---------+
; main.v                           ; yes             ; User Verilog HDL File  ; /home/aluno/Downloads/PBL_Irrigacao_v3.0-main/main.v                ;         ;
; alarm.v                          ; yes             ; User Verilog HDL File  ; /home/aluno/Downloads/PBL_Irrigacao_v3.0-main/alarm.v               ;         ;
; aspersao.v                       ; yes             ; User Verilog HDL File  ; /home/aluno/Downloads/PBL_Irrigacao_v3.0-main/aspersao.v            ;         ;
; gotejamento.v                    ; yes             ; User Verilog HDL File  ; /home/aluno/Downloads/PBL_Irrigacao_v3.0-main/gotejamento.v         ;         ;
; valvula.v                        ; yes             ; User Verilog HDL File  ; /home/aluno/Downloads/PBL_Irrigacao_v3.0-main/valvula.v             ;         ;
; exibir_matriz_nivel.v            ; yes             ; User Verilog HDL File  ; /home/aluno/Downloads/PBL_Irrigacao_v3.0-main/exibir_matriz_nivel.v ;         ;
; exibir_matriz_rega.v             ; yes             ; User Verilog HDL File  ; /home/aluno/Downloads/PBL_Irrigacao_v3.0-main/exibir_matriz_rega.v  ;         ;
; multiplex.v                      ; yes             ; User Verilog HDL File  ; /home/aluno/Downloads/PBL_Irrigacao_v3.0-main/multiplex.v           ;         ;
+----------------------------------+-----------------+------------------------+---------------------------------------------------------------------+---------+


+-----------------------------------------------------+
; Analysis & Synthesis Resource Usage Summary         ;
+---------------------------------------------+-------+
; Resource                                    ; Usage ;
+---------------------------------------------+-------+
; Total logic elements                        ; 11    ;
;     -- Combinational with no register       ; 11    ;
;     -- Register only                        ; 0     ;
;     -- Combinational with a register        ; 0     ;
;                                             ;       ;
; Logic element usage by number of LUT inputs ;       ;
;     -- 4 input functions                    ; 7     ;
;     -- 3 input functions                    ; 1     ;
;     -- 2 input functions                    ; 3     ;
;     -- 1 input functions                    ; 0     ;
;     -- 0 input functions                    ; 0     ;
;                                             ;       ;
; Logic elements by mode                      ;       ;
;     -- normal mode                          ; 11    ;
;     -- arithmetic mode                      ; 0     ;
;     -- qfbk mode                            ; 0     ;
;     -- register cascade mode                ; 0     ;
;     -- synchronous clear/load mode          ; 0     ;
;     -- asynchronous clear/load mode         ; 0     ;
;                                             ;       ;
; Total registers                             ; 0     ;
; I/O pins                                    ; 22    ;
; Maximum fan-out node                        ; M     ;
; Maximum fan-out                             ; 8     ;
; Total fan-out                               ; 49    ;
; Average fan-out                             ; 1.48  ;
+---------------------------------------------+-------+


+-----------------------------------------------------------------------------------------------------------------------------------------------------------------------------------------------------------------------------------------+
; Analysis & Synthesis Resource Utilization by Entity                                                                                                                                                                                     ;
+----------------------------+-------------+--------------+------------+------+--------------+--------------+-------------------+------------------+-----------------+------------+--------------------------+-------------+--------------+
; Compilation Hierarchy Node ; Logic Cells ; LC Registers ; UFM Blocks ; Pins ; Virtual Pins ; LUT-Only LCs ; Register-Only LCs ; LUT/Register LCs ; Carry Chain LCs ; Packed LCs ; Full Hierarchy Name      ; Entity Name ; Library Name ;
+----------------------------+-------------+--------------+------------+------+--------------+--------------+-------------------+------------------+-----------------+------------+--------------------------+-------------+--------------+
; |main                      ; 11 (0)      ; 0            ; 0          ; 22   ; 0            ; 11 (0)       ; 0 (0)             ; 0 (0)            ; 0 (0)           ; 0 (0)      ; |main                    ; main        ; work         ;
;    |Alarme:comb_6|         ; 1 (1)       ; 0            ; 0          ; 0    ; 0            ; 1 (1)        ; 0 (0)             ; 0 (0)            ; 0 (0)           ; 0 (0)      ; |main|Alarme:comb_6      ; Alarme      ; work         ;
;    |Gotejamento:comb_8|    ; 1 (1)       ; 0            ; 0          ; 0    ; 0            ; 1 (1)        ; 0 (0)             ; 0 (0)            ; 0 (0)           ; 0 (0)      ; |main|Gotejamento:comb_8 ; Gotejamento ; work         ;
;    |Valvula:comb_7|        ; 1 (1)       ; 0            ; 0          ; 0    ; 0            ; 1 (1)        ; 0 (0)             ; 0 (0)            ; 0 (0)           ; 0 (0)      ; |main|Valvula:comb_7     ; Valvula     ; work         ;
;    |multiplex:comb_13|     ; 1 (1)       ; 0            ; 0          ; 0    ; 0            ; 1 (1)        ; 0 (0)             ; 0 (0)            ; 0 (0)           ; 0 (0)      ; |main|multiplex:comb_13  ; multiplex   ; work         ;
;    |multiplex:comb_14|     ; 1 (1)       ; 0            ; 0          ; 0    ; 0            ; 1 (1)        ; 0 (0)             ; 0 (0)            ; 0 (0)           ; 0 (0)      ; |main|multiplex:comb_14  ; multiplex   ; work         ;
;    |multiplex:comb_16|     ; 1 (1)       ; 0            ; 0          ; 0    ; 0            ; 1 (1)        ; 0 (0)             ; 0 (0)            ; 0 (0)           ; 0 (0)      ; |main|multiplex:comb_16  ; multiplex   ; work         ;
;    |multiplex:comb_17|     ; 2 (2)       ; 0            ; 0          ; 0    ; 0            ; 2 (2)        ; 0 (0)             ; 0 (0)            ; 0 (0)           ; 0 (0)      ; |main|multiplex:comb_17  ; multiplex   ; work         ;
;    |multiplex:comb_19|     ; 3 (3)       ; 0            ; 0          ; 0    ; 0            ; 3 (3)        ; 0 (0)             ; 0 (0)            ; 0 (0)           ; 0 (0)      ; |main|multiplex:comb_19  ; multiplex   ; work         ;
+----------------------------+-------------+--------------+------------+------+--------------+--------------+-------------------+------------------+-----------------+------------+--------------------------+-------------+--------------+
Note: For table entries with two numbers listed, the numbers in parentheses indicate the number of resources of the given type used by the specific entity alone. The numbers listed outside of parentheses indicate the total resources of the given type used by the specific entity and all of its sub-entities in the hierarchy.


+------------------------------------------------------+
; General Register Statistics                          ;
+----------------------------------------------+-------+
; Statistic                                    ; Value ;
+----------------------------------------------+-------+
; Total registers                              ; 0     ;
; Number of registers using Synchronous Clear  ; 0     ;
; Number of registers using Synchronous Load   ; 0     ;
; Number of registers using Asynchronous Clear ; 0     ;
; Number of registers using Asynchronous Load  ; 0     ;
; Number of registers using Clock Enable       ; 0     ;
; Number of registers using Preset             ; 0     ;
+----------------------------------------------+-------+


+-------------------------------+
; Analysis & Synthesis Messages ;
+-------------------------------+
Info: *******************************************************************
Info: Running Quartus Prime Analysis & Synthesis
    Info: Version 20.1.1 Build 720 11/11/2020 SJ Lite Edition
    Info: Processing started: Fri Apr 26 10:16:37 2024
Info: Command: quartus_map --read_settings_files=on --write_settings_files=off main -c main
Warning (18236): Number of processors has not been specified which may cause overloading on shared machines.  Set the global assignment NUM_PARALLEL_PROCESSORS in your QSF to an appropriate value for best performance.
Info (20030): Parallel compilation is enabled and will use 6 of the 6 processors detected
Info (12021): Found 1 design units, including 1 entities, in source file main.v
    Info (12023): Found entity 1: main File: /home/aluno/Downloads/PBL_Irrigacao_v3.0-main/main.v Line: 1
Info (12021): Found 1 design units, including 1 entities, in source file alarm.v
    Info (12023): Found entity 1: Alarme File: /home/aluno/Downloads/PBL_Irrigacao_v3.0-main/alarm.v Line: 1
Info (12021): Found 1 design units, including 1 entities, in source file aspersao.v
    Info (12023): Found entity 1: Aspersao File: /home/aluno/Downloads/PBL_Irrigacao_v3.0-main/aspersao.v Line: 1
Info (12021): Found 1 design units, including 1 entities, in source file gotejamento.v
    Info (12023): Found entity 1: Gotejamento File: /home/aluno/Downloads/PBL_Irrigacao_v3.0-main/gotejamento.v Line: 1
Info (12021): Found 1 design units, including 1 entities, in source file valvula.v
    Info (12023): Found entity 1: Valvula File: /home/aluno/Downloads/PBL_Irrigacao_v3.0-main/valvula.v Line: 1
Info (12021): Found 1 design units, including 1 entities, in source file exibir_matriz_nivel.v
    Info (12023): Found entity 1: exibir_matriz_nivel File: /home/aluno/Downloads/PBL_Irrigacao_v3.0-main/exibir_matriz_nivel.v Line: 1
Info (12021): Found 1 design units, including 1 entities, in source file exibir_matriz_rega.v
    Info (12023): Found entity 1: exibir_matriz_rega File: /home/aluno/Downloads/PBL_Irrigacao_v3.0-main/exibir_matriz_rega.v Line: 1
Info (12021): Found 1 design units, including 1 entities, in source file multiplex.v
    Info (12023): Found entity 1: multiplex File: /home/aluno/Downloads/PBL_Irrigacao_v3.0-main/multiplex.v Line: 1
Warning (10236): Verilog HDL Implicit Net warning at alarm.v(6): created implicit net for "m_barrado" File: /home/aluno/Downloads/PBL_Irrigacao_v3.0-main/alarm.v Line: 6
Warning (10236): Verilog HDL Implicit Net warning at alarm.v(7): created implicit net for "b_barrado" File: /home/aluno/Downloads/PBL_Irrigacao_v3.0-main/alarm.v Line: 7
Warning (10236): Verilog HDL Implicit Net warning at alarm.v(9): created implicit net for "Alarm0" File: /home/aluno/Downloads/PBL_Irrigacao_v3.0-main/alarm.v Line: 9
Warning (10236): Verilog HDL Implicit Net warning at aspersao.v(5): created implicit net for "AL_barrado" File: /home/aluno/Downloads/PBL_Irrigacao_v3.0-main/aspersao.v Line: 5
Warning (10236): Verilog HDL Implicit Net warning at aspersao.v(7): created implicit net for "AS_1" File: /home/aluno/Downloads/PBL_Irrigacao_v3.0-main/aspersao.v Line: 7
Warning (10236): Verilog HDL Implicit Net warning at gotejamento.v(5): created implicit net for "alarme_barrado" File: /home/aluno/Downloads/PBL_Irrigacao_v3.0-main/gotejamento.v Line: 5
Warning (10236): Verilog HDL Implicit Net warning at gotejamento.v(7): created implicit net for "us_barrado" File: /home/aluno/Downloads/PBL_Irrigacao_v3.0-main/gotejamento.v Line: 7
Warning (10236): Verilog HDL Implicit Net warning at gotejamento.v(8): created implicit net for "ua0_us1" File: /home/aluno/Downloads/PBL_Irrigacao_v3.0-main/gotejamento.v Line: 8
Warning (10236): Verilog HDL Implicit Net warning at gotejamento.v(10): created implicit net for "t0_m0" File: /home/aluno/Downloads/PBL_Irrigacao_v3.0-main/gotejamento.v Line: 10
Warning (10236): Verilog HDL Implicit Net warning at gotejamento.v(11): created implicit net for "ativa1" File: /home/aluno/Downloads/PBL_Irrigacao_v3.0-main/gotejamento.v Line: 11
Warning (10236): Verilog HDL Implicit Net warning at valvula.v(6): created implicit net for "ativa0" File: /home/aluno/Downloads/PBL_Irrigacao_v3.0-main/valvula.v Line: 6
Warning (10236): Verilog HDL Implicit Net warning at valvula.v(8): created implicit net for "b_barrado" File: /home/aluno/Downloads/PBL_Irrigacao_v3.0-main/valvula.v Line: 8
Warning (10236): Verilog HDL Implicit Net warning at valvula.v(9): created implicit net for "ativa1" File: /home/aluno/Downloads/PBL_Irrigacao_v3.0-main/valvula.v Line: 9
Warning (10236): Verilog HDL Implicit Net warning at exibir_matriz_nivel.v(5): created implicit net for "not_a" File: /home/aluno/Downloads/PBL_Irrigacao_v3.0-main/exibir_matriz_nivel.v Line: 5
Warning (10236): Verilog HDL Implicit Net warning at exibir_matriz_nivel.v(6): created implicit net for "not_m" File: /home/aluno/Downloads/PBL_Irrigacao_v3.0-main/exibir_matriz_nivel.v Line: 6
Warning (10236): Verilog HDL Implicit Net warning at exibir_matriz_nivel.v(7): created implicit net for "not_b" File: /home/aluno/Downloads/PBL_Irrigacao_v3.0-main/exibir_matriz_nivel.v Line: 7
Warning (10236): Verilog HDL Implicit Net warning at exibir_matriz_nivel.v(10): created implicit net for "aux0" File: /home/aluno/Downloads/PBL_Irrigacao_v3.0-main/exibir_matriz_nivel.v Line: 10
Warning (10236): Verilog HDL Implicit Net warning at exibir_matriz_nivel.v(11): created implicit net for "aux1" File: /home/aluno/Downloads/PBL_Irrigacao_v3.0-main/exibir_matriz_nivel.v Line: 11
Warning (10236): Verilog HDL Implicit Net warning at exibir_matriz_nivel.v(24): created implicit net for "aux2" File: /home/aluno/Downloads/PBL_Irrigacao_v3.0-main/exibir_matriz_nivel.v Line: 24
Warning (10236): Verilog HDL Implicit Net warning at exibir_matriz_nivel.v(25): created implicit net for "aux3" File: /home/aluno/Downloads/PBL_Irrigacao_v3.0-main/exibir_matriz_nivel.v Line: 25
Warning (10236): Verilog HDL Implicit Net warning at exibir_matriz_nivel.v(29): created implicit net for "aux4" File: /home/aluno/Downloads/PBL_Irrigacao_v3.0-main/exibir_matriz_nivel.v Line: 29
Warning (10236): Verilog HDL Implicit Net warning at exibir_matriz_nivel.v(30): created implicit net for "aux5" File: /home/aluno/Downloads/PBL_Irrigacao_v3.0-main/exibir_matriz_nivel.v Line: 30
Warning (10236): Verilog HDL Implicit Net warning at exibir_matriz_rega.v(5): created implicit net for "not_AS" File: /home/aluno/Downloads/PBL_Irrigacao_v3.0-main/exibir_matriz_rega.v Line: 5
Warning (10236): Verilog HDL Implicit Net warning at exibir_matriz_rega.v(6): created implicit net for "not_US" File: /home/aluno/Downloads/PBL_Irrigacao_v3.0-main/exibir_matriz_rega.v Line: 6
Warning (10236): Verilog HDL Implicit Net warning at exibir_matriz_rega.v(7): created implicit net for "not_GT" File: /home/aluno/Downloads/PBL_Irrigacao_v3.0-main/exibir_matriz_rega.v Line: 7
Warning (10236): Verilog HDL Implicit Net warning at exibir_matriz_rega.v(8): created implicit net for "not_alarm" File: /home/aluno/Downloads/PBL_Irrigacao_v3.0-main/exibir_matriz_rega.v Line: 8
Warning (10236): Verilog HDL Implicit Net warning at multiplex.v(8): created implicit net for "SL0" File: /home/aluno/Downloads/PBL_Irrigacao_v3.0-main/multiplex.v Line: 8
Critical Warning (10846): Verilog HDL Instantiation warning at main.v(14): instance has no name File: /home/aluno/Downloads/PBL_Irrigacao_v3.0-main/main.v Line: 14
Critical Warning (10846): Verilog HDL Instantiation warning at main.v(15): instance has no name File: /home/aluno/Downloads/PBL_Irrigacao_v3.0-main/main.v Line: 15
Critical Warning (10846): Verilog HDL Instantiation warning at main.v(16): instance has no name File: /home/aluno/Downloads/PBL_Irrigacao_v3.0-main/main.v Line: 16
Critical Warning (10846): Verilog HDL Instantiation warning at main.v(17): instance has no name File: /home/aluno/Downloads/PBL_Irrigacao_v3.0-main/main.v Line: 17
Critical Warning (10846): Verilog HDL Instantiation warning at main.v(21): instance has no name File: /home/aluno/Downloads/PBL_Irrigacao_v3.0-main/main.v Line: 21
Critical Warning (10846): Verilog HDL Instantiation warning at main.v(22): instance has no name File: /home/aluno/Downloads/PBL_Irrigacao_v3.0-main/main.v Line: 22
Critical Warning (10846): Verilog HDL Instantiation warning at main.v(24): instance has no name File: /home/aluno/Downloads/PBL_Irrigacao_v3.0-main/main.v Line: 24
Critical Warning (10846): Verilog HDL Instantiation warning at main.v(25): instance has no name File: /home/aluno/Downloads/PBL_Irrigacao_v3.0-main/main.v Line: 25
Critical Warning (10846): Verilog HDL Instantiation warning at main.v(26): instance has no name File: /home/aluno/Downloads/PBL_Irrigacao_v3.0-main/main.v Line: 26
Critical Warning (10846): Verilog HDL Instantiation warning at main.v(27): instance has no name File: /home/aluno/Downloads/PBL_Irrigacao_v3.0-main/main.v Line: 27
Critical Warning (10846): Verilog HDL Instantiation warning at main.v(28): instance has no name File: /home/aluno/Downloads/PBL_Irrigacao_v3.0-main/main.v Line: 28
Critical Warning (10846): Verilog HDL Instantiation warning at main.v(29): instance has no name File: /home/aluno/Downloads/PBL_Irrigacao_v3.0-main/main.v Line: 29
Critical Warning (10846): Verilog HDL Instantiation warning at main.v(30): instance has no name File: /home/aluno/Downloads/PBL_Irrigacao_v3.0-main/main.v Line: 30
Info (12127): Elaborating entity "main" for the top level hierarchy
Info (12128): Elaborating entity "Alarme" for hierarchy "Alarme:comb_6" File: /home/aluno/Downloads/PBL_Irrigacao_v3.0-main/main.v Line: 14
Info (12128): Elaborating entity "Valvula" for hierarchy "Valvula:comb_7" File: /home/aluno/Downloads/PBL_Irrigacao_v3.0-main/main.v Line: 15
Info (12128): Elaborating entity "Gotejamento" for hierarchy "Gotejamento:comb_8" File: /home/aluno/Downloads/PBL_Irrigacao_v3.0-main/main.v Line: 16
Info (12128): Elaborating entity "Aspersao" for hierarchy "Aspersao:comb_9" File: /home/aluno/Downloads/PBL_Irrigacao_v3.0-main/main.v Line: 17
Info (12128): Elaborating entity "exibir_matriz_nivel" for hierarchy "exibir_matriz_nivel:comb_11" File: /home/aluno/Downloads/PBL_Irrigacao_v3.0-main/main.v Line: 21
Info (12128): Elaborating entity "exibir_matriz_rega" for hierarchy "exibir_matriz_rega:comb_12" File: /home/aluno/Downloads/PBL_Irrigacao_v3.0-main/main.v Line: 22
Warning (10034): Output port "a7" at exibir_matriz_rega.v(3) has no driver File: /home/aluno/Downloads/PBL_Irrigacao_v3.0-main/exibir_matriz_rega.v Line: 3
Warning (10034): Output port "c7" at exibir_matriz_rega.v(3) has no driver File: /home/aluno/Downloads/PBL_Irrigacao_v3.0-main/exibir_matriz_rega.v Line: 3
Warning (10034): Output port "e7" at exibir_matriz_rega.v(3) has no driver File: /home/aluno/Downloads/PBL_Irrigacao_v3.0-main/exibir_matriz_rega.v Line: 3
Warning (10034): Output port "f7" at exibir_matriz_rega.v(3) has no driver File: /home/aluno/Downloads/PBL_Irrigacao_v3.0-main/exibir_matriz_rega.v Line: 3
Info (12128): Elaborating entity "multiplex" for hierarchy "multiplex:comb_13" File: /home/aluno/Downloads/PBL_Irrigacao_v3.0-main/main.v Line: 24
Info (13014): Ignored 1 buffer(s)
    Info (13019): Ignored 1 SOFT buffer(s)
Warning (13024): Output pins are stuck at VCC or GND
    Warning (13410): Pin "DG1" is stuck at VCC File: /home/aluno/Downloads/PBL_Irrigacao_v3.0-main/main.v Line: 4
    Warning (13410): Pin "DG2" is stuck at VCC File: /home/aluno/Downloads/PBL_Irrigacao_v3.0-main/main.v Line: 4
    Warning (13410): Pin "DG3" is stuck at VCC File: /home/aluno/Downloads/PBL_Irrigacao_v3.0-main/main.v Line: 4
Info (21057): Implemented 33 device resources after synthesis - the final resource count might be different
    Info (21058): Implemented 7 input pins
    Info (21059): Implemented 15 output pins
    Info (21061): Implemented 11 logic cells
Info: Quartus Prime Analysis & Synthesis was successful. 0 errors, 49 warnings
    Info: Peak virtual memory: 338 megabytes
    Info: Processing ended: Fri Apr 26 10:16:43 2024
    Info: Elapsed time: 00:00:06
    Info: Total CPU time (on all processors): 00:00:11


